<?xml version="1.0" encoding="UTF-8"?>
<!-- Generated by org.testng.reporters.JUnitReportReporter -->
<testsuite hostname="LAPTOP-J1NIO2CG" failures="0" tests="1" name="viamaven2.TC_Tasks_008_Test" time="6.558" errors="0" timestamp="2022-08-01T14:39:16 IST" skipped="0">
  <testcase classname="viamaven2.TC_Tasks_008_Test" name="createTasks" time="6.558"/>
  <system-out/>
</testsuite> <!-- viamaven2.TC_Tasks_008_Test -->
