<?xml version="1.0" encoding="UTF-8"?>
<!-- Generated by org.testng.reporters.JUnitReportReporter -->
<testsuite hostname="LAPTOP-J1NIO2CG" failures="0" tests="1" name="viamaven.TC_Tasks_001_Test" time="15.710" errors="0" timestamp="2022-08-03T12:22:39 IST" skipped="0">
  <testcase classname="viamaven.TC_Tasks_001_Test" name="createTasks" time="15.710"/>
  <system-out/>
</testsuite> <!-- viamaven.TC_Tasks_001_Test -->
