<?xml version="1.0" encoding="UTF-8"?>
<!-- Generated by org.testng.reporters.JUnitReportReporter -->
<testsuite hostname="LAPTOP-J1NIO2CG" failures="0" tests="1" name="viamaven2.TC_Tasks_009_Test" time="5.083" errors="0" timestamp="2022-08-03T12:12:21 IST" skipped="0">
  <testcase classname="viamaven2.TC_Tasks_009_Test" name="createTasks" time="5.083"/>
  <system-out/>
</testsuite> <!-- viamaven2.TC_Tasks_009_Test -->
