<?xml version="1.0" encoding="UTF-8"?>
<!-- Generated by org.testng.reporters.JUnitReportReporter -->
<testsuite hostname="LAPTOP-J1NIO2CG" failures="0" tests="1" name="viamaven.TC_Tasks_002_Test" time="14.892" errors="0" timestamp="2022-08-02T09:47:54 IST" skipped="0">
  <testcase classname="viamaven.TC_Tasks_002_Test" name="createTasks" time="14.892"/>
  <system-out/>
</testsuite> <!-- viamaven.TC_Tasks_002_Test -->
