<?xml version="1.0" encoding="UTF-8"?>
<!-- Generated by org.testng.reporters.JUnitReportReporter -->
<testsuite hostname="LAPTOP-J1NIO2CG" failures="0" tests="1" name="viamaven.TC_Tasks_001_Test" time="8.197" errors="0" timestamp="2022-07-29T15:08:49 IST" skipped="0">
  <testcase classname="viamaven.TC_Tasks_001_Test" name="createTasks" time="8.197"/>
  <system-out/>
</testsuite> <!-- viamaven.TC_Tasks_001_Test -->
